2022-05-01 00:53:38,332 ERROR org.springframework.boot.SpringApplication [main] Application run failed
java.lang.IllegalStateException: java.lang.IllegalStateException: Logback configuration error detected: 
ERROR in ch.qos.logback.core.joran.spi.Interpreter@34:31 - no applicable action for [totalSizeCap], current ElementPath  is [[configuration][appender][rollingPolicy][timeBasedFileNamingAndTriggeringPolicy][totalSizeCap]]
ERROR in ch.qos.logback.core.joran.spi.Interpreter@36:29 - no applicable action for [maxHistory], current ElementPath  is [[configuration][appender][rollingPolicy][timeBasedFileNamingAndTriggeringPolicy][maxHistory]]
	at org.springframework.boot.context.logging.LoggingApplicationListener.initializeSystem(LoggingApplicationListener.java:327)
	at org.springframework.boot.context.logging.LoggingApplicationListener.initialize(LoggingApplicationListener.java:281)
	at org.springframework.boot.context.logging.LoggingApplicationListener.onApplicationEnvironmentPreparedEvent(LoggingApplicationListener.java:239)
	at org.springframework.boot.context.logging.LoggingApplicationListener.onApplicationEvent(LoggingApplicationListener.java:216)
	at org.springframework.context.event.SimpleApplicationEventMulticaster.doInvokeListener(SimpleApplicationEventMulticaster.java:176)
	at org.springframework.context.event.SimpleApplicationEventMulticaster.invokeListener(SimpleApplicationEventMulticaster.java:169)
	at org.springframework.context.event.SimpleApplicationEventMulticaster.multicastEvent(SimpleApplicationEventMulticaster.java:143)
	at org.springframework.context.event.SimpleApplicationEventMulticaster.multicastEvent(SimpleApplicationEventMulticaster.java:131)
	at org.springframework.boot.context.event.EventPublishingRunListener.environmentPrepared(EventPublishingRunListener.java:82)
	at org.springframework.boot.SpringApplicationRunListeners.lambda$environmentPrepared$2(SpringApplicationRunListeners.java:63)
	at java.base/java.util.ArrayList.forEach(ArrayList.java:1541)
	at org.springframework.boot.SpringApplicationRunListeners.doWithListeners(SpringApplicationRunListeners.java:117)
	at org.springframework.boot.SpringApplicationRunListeners.doWithListeners(SpringApplicationRunListeners.java:111)
	at org.springframework.boot.SpringApplicationRunListeners.environmentPrepared(SpringApplicationRunListeners.java:62)
	at org.springframework.boot.SpringApplication.prepareEnvironment(SpringApplication.java:362)
	at org.springframework.boot.SpringApplication.run(SpringApplication.java:320)
	at org.springframework.boot.SpringApplication.run(SpringApplication.java:1311)
	at org.springframework.boot.SpringApplication.run(SpringApplication.java:1300)
	at com.sm.Application.main(Application.java:10)
Caused by: java.lang.IllegalStateException: Logback configuration error detected: 
ERROR in ch.qos.logback.core.joran.spi.Interpreter@34:31 - no applicable action for [totalSizeCap], current ElementPath  is [[configuration][appender][rollingPolicy][timeBasedFileNamingAndTriggeringPolicy][totalSizeCap]]
ERROR in ch.qos.logback.core.joran.spi.Interpreter@36:29 - no applicable action for [maxHistory], current ElementPath  is [[configuration][appender][rollingPolicy][timeBasedFileNamingAndTriggeringPolicy][maxHistory]]
	at org.springframework.boot.logging.logback.LogbackLoggingSystem.loadConfiguration(LogbackLoggingSystem.java:179)
	at org.springframework.boot.logging.AbstractLoggingSystem.initializeWithConventions(AbstractLoggingSystem.java:80)
	at org.springframework.boot.logging.AbstractLoggingSystem.initialize(AbstractLoggingSystem.java:60)
	at org.springframework.boot.logging.logback.LogbackLoggingSystem.initialize(LogbackLoggingSystem.java:132)
	at org.springframework.boot.context.logging.LoggingApplicationListener.initializeSystem(LoggingApplicationListener.java:312)
	... 18 common frames omitted
2022-05-01 00:54:59,382 INFO org.springframework.boot.StartupInfoLogger [main] Starting Application using Java 11.0.10 on DESKTOP-1P439E8 with PID 13976 (C:\Users\Kazim\Downloads\springboot2.x-actuator-example-main\SpringBoot-Logback\target\classes started by Kazim in C:\Users\Kazim\Downloads\springboot2.x-actuator-example-main\SpringBoot-Logback)
2022-05-01 00:54:59,390 INFO org.springframework.boot.SpringApplication [main] No active profile set, falling back to default profiles: default
2022-05-01 00:55:04,334 INFO org.apache.juli.logging.DirectJDKLog [main] Initializing ProtocolHandler ["http-nio-8080"]
2022-05-01 00:55:04,337 INFO org.apache.juli.logging.DirectJDKLog [main] Starting service [Tomcat]
2022-05-01 00:55:04,338 INFO org.apache.juli.logging.DirectJDKLog [main] Starting Servlet engine: [Apache Tomcat/9.0.41]
2022-05-01 00:55:04,878 INFO org.apache.juli.logging.DirectJDKLog [main] Initializing Spring embedded WebApplicationContext
2022-05-01 00:55:06,258 INFO org.apache.juli.logging.DirectJDKLog [main] Starting ProtocolHandler ["http-nio-8080"]
2022-05-01 00:55:06,412 INFO org.springframework.boot.StartupInfoLogger [main] Started Application in 9.782 seconds (JVM running for 11.514)
2022-05-01 00:56:43,876 INFO org.springframework.boot.StartupInfoLogger [main] Starting Application using Java 11.0.10 on DESKTOP-1P439E8 with PID 20944 (C:\Users\Kazim\Downloads\springboot2.x-actuator-example-main\SpringBoot-Logback\target\classes started by Kazim in C:\Users\Kazim\Downloads\springboot2.x-actuator-example-main\SpringBoot-Logback)
2022-05-01 00:56:43,891 INFO org.springframework.boot.SpringApplication [main] No active profile set, falling back to default profiles: default
2022-05-01 00:56:48,770 INFO org.springframework.boot.web.embedded.tomcat.TomcatWebServer [main] Tomcat initialized with port(s): 8080 (http)
2022-05-01 00:56:48,960 INFO org.springframework.boot.web.servlet.context.ServletWebServerApplicationContext [main] Root WebApplicationContext: initialization completed in 4838 ms
2022-05-01 00:56:49,514 INFO org.springframework.scheduling.concurrent.ExecutorConfigurationSupport [main] Initializing ExecutorService 'applicationTaskExecutor'
2022-05-01 00:56:50,161 INFO org.springframework.boot.web.embedded.tomcat.TomcatWebServer [main] Tomcat started on port(s): 8080 (http) with context path ''
2022-05-01 00:56:50,191 INFO org.springframework.boot.StartupInfoLogger [main] Started Application in 7.827 seconds (JVM running for 9.185)
2022-05-01 01:17:30,395 INFO org.springframework.web.servlet.FrameworkServlet [http-nio-8080-exec-2] Initializing Servlet 'dispatcherServlet'
2022-05-01 01:17:30,398 INFO org.springframework.web.servlet.FrameworkServlet [http-nio-8080-exec-2] Completed initialization in 2 ms
2022-05-01 01:17:30,449 INFO com.sm.controller.UserController [http-nio-8080-exec-2] INFO -> Get all users
2022-05-01 01:17:30,450 DEBUG com.sm.repo.UserRepository [http-nio-8080-exec-2] Debug -> Get all users data
2022-05-01 01:17:30,450 INFO com.sm.repo.UserRepository [http-nio-8080-exec-2] INFO -> Get all users data
2022-05-01 01:20:17,494 INFO org.springframework.boot.StartupInfoLogger [main] Starting Application using Java 11.0.10 on DESKTOP-1P439E8 with PID 20352 (C:\Users\Kazim\Downloads\springboot2.x-actuator-example-main\SpringBoot-Logback\target\classes started by Kazim in C:\Users\Kazim\Downloads\springboot2.x-actuator-example-main\SpringBoot-Logback)
2022-05-01 01:20:17,505 INFO org.springframework.boot.SpringApplication [main] No active profile set, falling back to default profiles: default
2022-05-01 01:20:23,085 INFO org.springframework.boot.web.embedded.tomcat.TomcatWebServer [main] Tomcat initialized with port(s): 8080 (http)
2022-05-01 01:20:23,273 INFO org.springframework.boot.web.servlet.context.ServletWebServerApplicationContext [main] Root WebApplicationContext: initialization completed in 5509 ms
2022-05-01 01:20:23,933 INFO org.springframework.scheduling.concurrent.ExecutorConfigurationSupport [main] Initializing ExecutorService 'applicationTaskExecutor'
2022-05-01 01:20:24,585 INFO org.springframework.boot.web.embedded.tomcat.TomcatWebServer [main] Tomcat started on port(s): 8080 (http) with context path ''
2022-05-01 01:20:24,607 INFO org.springframework.boot.StartupInfoLogger [main] Started Application in 9.367 seconds (JVM running for 10.85)
2022-05-01 01:20:50,909 INFO org.springframework.web.servlet.FrameworkServlet [http-nio-8080-exec-2] Initializing Servlet 'dispatcherServlet'
2022-05-01 01:20:50,912 INFO org.springframework.web.servlet.FrameworkServlet [http-nio-8080-exec-2] Completed initialization in 1 ms
2022-05-01 01:20:50,950 INFO com.sm.controller.UserController [http-nio-8080-exec-2] INFO -> Get all users
2022-05-01 01:20:50,951 INFO com.sm.repo.UserRepository [http-nio-8080-exec-2] INFO -> Get all users data
2022-05-01 01:21:13,110 INFO org.springframework.boot.StartupInfoLogger [main] Starting Application using Java 11.0.10 on DESKTOP-1P439E8 with PID 15276 (C:\Users\Kazim\Downloads\springboot2.x-actuator-example-main\SpringBoot-Logback\target\classes started by Kazim in C:\Users\Kazim\Downloads\springboot2.x-actuator-example-main\SpringBoot-Logback)
2022-05-01 01:21:13,114 INFO org.springframework.boot.SpringApplication [main] No active profile set, falling back to default profiles: default
2022-05-01 01:21:19,051 INFO org.springframework.boot.web.embedded.tomcat.TomcatWebServer [main] Tomcat initialized with port(s): 8080 (http)
2022-05-01 01:21:19,196 INFO org.springframework.boot.web.servlet.context.ServletWebServerApplicationContext [main] Root WebApplicationContext: initialization completed in 5898 ms
2022-05-01 01:21:19,591 INFO org.springframework.scheduling.concurrent.ExecutorConfigurationSupport [main] Initializing ExecutorService 'applicationTaskExecutor'
2022-05-01 01:21:19,940 INFO org.springframework.boot.web.embedded.tomcat.TomcatWebServer [main] Tomcat started on port(s): 8080 (http) with context path ''
2022-05-01 01:21:19,960 INFO org.springframework.boot.StartupInfoLogger [main] Started Application in 8.63 seconds (JVM running for 10.028)
2022-05-01 01:21:27,936 INFO org.springframework.web.servlet.FrameworkServlet [http-nio-8080-exec-1] Initializing Servlet 'dispatcherServlet'
2022-05-01 01:21:27,940 INFO org.springframework.web.servlet.FrameworkServlet [http-nio-8080-exec-1] Completed initialization in 2 ms
2022-05-01 01:21:27,978 DEBUG com.sm.controller.UserController [http-nio-8080-exec-1] Debug -> Get all users
2022-05-01 01:21:27,979 INFO com.sm.controller.UserController [http-nio-8080-exec-1] INFO -> Get all users
2022-05-01 01:21:27,980 INFO com.sm.repo.UserRepository [http-nio-8080-exec-1] INFO -> Get all users data
